::1 - - [07/May/2020:04:56:26 +0000] "POST /api/v1/comments HTTP/1.1" 500 898 "-" "PostmanRuntime/7.24.1"
::1 - - [07/May/2020:04:56:38 +0000] "POST /api/v1/comments HTTP/1.1" 200 159 "-" "PostmanRuntime/7.24.1"
::1 - - [07/May/2020:05:09:12 +0000] "POST /api/v1/comments HTTP/1.1" 500 950 "-" "PostmanRuntime/7.24.1"
::1 - - [07/May/2020:05:09:32 +0000] "POST /api/v1/comments HTTP/1.1" 200 162 "-" "PostmanRuntime/7.24.1"
::1 - - [07/May/2020:05:13:39 +0000] "POST /api/v1/comments HTTP/1.1" 200 162 "-" "PostmanRuntime/7.24.1"
::1 - - [07/May/2020:05:13:53 +0000] "POST /api/v1/comments HTTP/1.1" 200 162 "-" "PostmanRuntime/7.24.1"
::1 - - [07/May/2020:05:14:57 +0000] "POST /api/v1/comments HTTP/1.1" 200 162 "-" "PostmanRuntime/7.24.1"
::1 - - [07/May/2020:05:15:31 +0000] "POST /api/v1/comments HTTP/1.1" 200 162 "-" "PostmanRuntime/7.24.1"
::1 - - [07/May/2020:05:15:46 +0000] "POST /api/v1/comments HTTP/1.1" 200 162 "-" "PostmanRuntime/7.24.1"
::1 - - [07/May/2020:05:15:53 +0000] "POST /api/v1/comments HTTP/1.1" 200 162 "-" "PostmanRuntime/7.24.1"
::1 - - [07/May/2020:05:16:29 +0000] "POST /api/v1/comments HTTP/1.1" 200 162 "-" "PostmanRuntime/7.24.1"
::1 - - [07/May/2020:05:17:19 +0000] "POST /api/v1/comments HTTP/1.1" 500 71 "-" "PostmanRuntime/7.24.1"
::1 - - [07/May/2020:05:17:30 +0000] "POST /api/v1/comments HTTP/1.1" 500 71 "-" "PostmanRuntime/7.24.1"
::1 - - [07/May/2020:05:17:48 +0000] "POST /api/v1/comments HTTP/1.1" 500 71 "-" "PostmanRuntime/7.24.1"
::1 - - [07/May/2020:05:17:57 +0000] "POST /api/v1/comments HTTP/1.1" 500 1314 "-" "PostmanRuntime/7.24.1"
::1 - - [07/May/2020:05:18:04 +0000] "POST /api/v1/comments HTTP/1.1" 500 536 "-" "PostmanRuntime/7.24.1"
::1 - - [07/May/2020:05:18:20 +0000] "POST /api/v1/comments HTTP/1.1" 200 150 "-" "PostmanRuntime/7.24.1"
::1 - - [07/May/2020:05:18:40 +0000] "POST /api/v1/comments HTTP/1.1" 200 162 "-" "PostmanRuntime/7.24.1"
::1 - - [07/May/2020:05:23:40 +0000] "POST /api/v1/comments HTTP/1.1" 500 556 "-" "PostmanRuntime/7.24.1"
::1 - - [07/May/2020:05:23:51 +0000] "POST /api/v1/comments HTTP/1.1" 200 150 "-" "PostmanRuntime/7.24.1"
::1 - - [07/May/2020:05:25:10 +0000] "POST /api/v1/comments HTTP/1.1" 200 160 "-" "PostmanRuntime/7.24.1"
::1 - - [07/May/2020:05:25:29 +0000] "POST /api/v1/comments HTTP/1.1" 500 578 "-" "PostmanRuntime/7.24.1"
::1 - - [07/May/2020:05:26:10 +0000] "POST /api/v1/comments HTTP/1.1" 200 160 "-" "PostmanRuntime/7.24.1"
::1 - - [07/May/2020:05:30:31 +0000] "POST /api/v1/comments HTTP/1.1" 200 162 "-" "PostmanRuntime/7.24.1"
::1 - - [07/May/2020:05:37:48 +0000] "POST /api/v1/comments HTTP/1.1" 500 538 "-" "PostmanRuntime/7.24.1"
::1 - - [07/May/2020:05:38:57 +0000] "POST /api/v1/comments HTTP/1.1" 200 178 "-" "PostmanRuntime/7.24.1"
::1 - - [07/May/2020:05:39:12 +0000] "POST /api/v1/comments HTTP/1.1" 500 646 "-" "PostmanRuntime/7.24.1"
::1 - - [29/Nov/2021:01:02:50 +0000] "POST /api/v1/login HTTP/1.1" 404 152 "-" "PostmanRuntime/7.28.4"
::1 - - [29/Nov/2021:01:03:22 +0000] "POST /api/v1/users/login HTTP/1.1" - - "-" "PostmanRuntime/7.28.4"
::1 - - [29/Nov/2021:01:32:20 +0000] "POST /api/v1/users/register HTTP/1.1" 500 59 "-" "PostmanRuntime/7.28.4"
::1 - - [29/Nov/2021:01:45:10 +0000] "POST /api/v1/users/register HTTP/1.1" 200 16 "-" "PostmanRuntime/7.28.4"
::1 - - [29/Nov/2021:01:46:23 +0000] "POST /api/v1/users/register HTTP/1.1" 200 16 "-" "PostmanRuntime/7.28.4"
::1 - - [29/Nov/2021:01:47:47 +0000] "POST /api/v1/users/register HTTP/1.1" 200 16 "-" "PostmanRuntime/7.28.4"
::1 - - [29/Nov/2021:01:49:01 +0000] "POST /api/v1/users/register HTTP/1.1" 200 16 "-" "PostmanRuntime/7.28.4"
::1 - - [29/Nov/2021:01:50:10 +0000] "POST /api/v1/users/register HTTP/1.1" 200 16 "-" "PostmanRuntime/7.28.4"
::1 - - [29/Nov/2021:01:50:33 +0000] "POST /api/v1/users/register HTTP/1.1" 200 16 "-" "PostmanRuntime/7.28.4"
::1 - - [29/Nov/2021:01:51:10 +0000] "POST /api/v1/users/register HTTP/1.1" 500 1499 "-" "PostmanRuntime/7.28.4"
::1 - - [29/Nov/2021:01:52:07 +0000] "POST /api/v1/users/register HTTP/1.1" 200 28 "-" "PostmanRuntime/7.28.4"
::1 - - [29/Nov/2021:01:56:17 +0000] "POST /api/v1/users/register HTTP/1.1" 200 28 "-" "PostmanRuntime/7.28.4"
::1 - - [29/Nov/2021:01:57:50 +0000] "POST /api/v1/users/register HTTP/1.1" 200 28 "-" "PostmanRuntime/7.28.4"
::1 - - [29/Nov/2021:01:57:59 +0000] "POST /api/v1/users/register HTTP/1.1" 200 354 "-" "PostmanRuntime/7.28.4"
::1 - - [29/Nov/2021:02:02:16 +0000] "POST /api/v1/users/register HTTP/1.1" 500 95 "-" "PostmanRuntime/7.28.4"
::1 - - [29/Nov/2021:02:14:01 +0000] "POST /api/v1/users/register HTTP/1.1" 500 95 "-" "PostmanRuntime/7.28.4"
::1 - - [29/Nov/2021:02:15:01 +0000] "POST /api/v1/users/register HTTP/1.1" 500 95 "-" "PostmanRuntime/7.28.4"
::1 - - [29/Nov/2021:02:15:12 +0000] "POST /api/v1/users/register HTTP/1.1" 200 354 "-" "PostmanRuntime/7.28.4"
::1 - - [29/Nov/2021:02:15:31 +0000] "POST /api/v1/users/register HTTP/1.1" 200 354 "-" "PostmanRuntime/7.28.4"
::1 - - [29/Nov/2021:02:16:38 +0000] "POST /api/v1/users/register HTTP/1.1" 200 354 "-" "PostmanRuntime/7.28.4"
::1 - - [29/Nov/2021:02:20:54 +0000] "POST /api/v1/users/register HTTP/1.1" 500 418 "-" "PostmanRuntime/7.28.4"
::1 - - [29/Nov/2021:02:22:29 +0000] "POST /api/v1/users/register HTTP/1.1" 500 900 "-" "PostmanRuntime/7.28.4"
::1 - - [29/Nov/2021:02:24:21 +0000] "POST /api/v1/users/register HTTP/1.1" 500 89 "-" "PostmanRuntime/7.28.4"
::1 - - [29/Nov/2021:02:27:37 +0000] "POST /api/v1/users/register HTTP/1.1" 500 89 "-" "PostmanRuntime/7.28.4"
::1 - - [29/Nov/2021:02:27:46 +0000] "POST /api/v1/users/register HTTP/1.1" 500 89 "-" "PostmanRuntime/7.28.4"
::1 - - [29/Nov/2021:02:28:02 +0000] "POST /api/v1/users/register HTTP/1.1" 200 129 "-" "PostmanRuntime/7.28.4"
::1 - - [29/Nov/2021:02:28:22 +0000] "POST /api/v1/users/register HTTP/1.1" 200 129 "-" "PostmanRuntime/7.28.4"
::1 - - [29/Nov/2021:02:28:46 +0000] "POST /api/v1/users/register HTTP/1.1" 200 129 "-" "PostmanRuntime/7.28.4"
::1 - - [29/Nov/2021:02:30:26 +0000] "POST /api/v1/users/register HTTP/1.1" 500 72 "-" "PostmanRuntime/7.28.4"
::1 - - [29/Nov/2021:02:31:26 +0000] "POST /api/v1/users/register HTTP/1.1" 200 129 "-" "PostmanRuntime/7.28.4"
::1 - - [29/Nov/2021:02:31:53 +0000] "POST /api/v1/users/register HTTP/1.1" 200 129 "-" "PostmanRuntime/7.28.4"
::1 - - [29/Nov/2021:02:32:29 +0000] "POST /api/v1/users/register HTTP/1.1" 500 72 "-" "PostmanRuntime/7.28.4"
::1 - - [29/Nov/2021:02:32:44 +0000] "POST /api/v1/users/register HTTP/1.1" 500 72 "-" "PostmanRuntime/7.28.4"
::1 - - [29/Nov/2021:02:33:10 +0000] "POST /api/v1/users/register HTTP/1.1" 500 72 "-" "PostmanRuntime/7.28.4"
::1 - - [29/Nov/2021:02:33:24 +0000] "POST /api/v1/users/register HTTP/1.1" 200 129 "-" "PostmanRuntime/7.28.4"
::1 - - [29/Nov/2021:02:35:06 +0000] "POST /api/v1/users/register HTTP/1.1" 200 145 "-" "PostmanRuntime/7.28.4"
::1 - - [29/Nov/2021:02:35:25 +0000] "POST /api/v1/users/register HTTP/1.1" 200 141 "-" "PostmanRuntime/7.28.4"
::1 - - [29/Nov/2021:02:42:42 +0000] "POST /api/v1/users/login HTTP/1.1" 500 97 "-" "PostmanRuntime/7.28.4"
::1 - - [29/Nov/2021:02:43:03 +0000] "POST /api/v1/users/register HTTP/1.1" 200 141 "-" "PostmanRuntime/7.28.4"
::1 - - [29/Nov/2021:02:43:08 +0000] "POST /api/v1/users/login HTTP/1.1" 500 76 "-" "PostmanRuntime/7.28.4"
::1 - - [29/Nov/2021:02:50:01 +0000] "POST /api/v1/users/login HTTP/1.1" 500 97 "-" "PostmanRuntime/7.28.4"
::1 - - [29/Nov/2021:02:50:21 +0000] "POST /api/v1/users/login HTTP/1.1" 500 98 "-" "PostmanRuntime/7.28.4"
::1 - - [29/Nov/2021:02:51:00 +0000] "POST /api/v1/users/login HTTP/1.1" 500 98 "-" "PostmanRuntime/7.28.4"
::1 - - [29/Nov/2021:02:51:43 +0000] "POST /api/v1/users/register HTTP/1.1" 500 84 "-" "PostmanRuntime/7.28.4"
::1 - - [29/Nov/2021:02:52:03 +0000] "POST /api/v1/users/register HTTP/1.1" 200 141 "-" "PostmanRuntime/7.28.4"
::1 - - [29/Nov/2021:02:53:48 +0000] "POST /api/v1/users/register HTTP/1.1" 200 141 "-" "PostmanRuntime/7.28.4"
::1 - - [29/Nov/2021:02:54:01 +0000] "POST /api/v1/users/login HTTP/1.1" 200 360 "-" "PostmanRuntime/7.28.4"
::1 - - [29/Nov/2021:02:54:13 +0000] "POST /api/v1/users/login HTTP/1.1" 500 98 "-" "PostmanRuntime/7.28.4"
::1 - - [29/Nov/2021:02:54:17 +0000] "POST /api/v1/users/login HTTP/1.1" 200 360 "-" "PostmanRuntime/7.28.4"
::1 - - [29/Nov/2021:02:54:20 +0000] "POST /api/v1/users/login HTTP/1.1" 500 97 "-" "PostmanRuntime/7.28.4"
::1 - - [29/Nov/2021:02:54:25 +0000] "POST /api/v1/users/login HTTP/1.1" 200 360 "-" "PostmanRuntime/7.28.4"
::1 - - [29/Nov/2021:02:57:28 +0000] "POST /api/v1/users/login HTTP/1.1" 200 360 "-" "PostmanRuntime/7.28.4"
::1 - - [29/Nov/2021:03:01:04 +0000] "POST /api/v1/users/login HTTP/1.1" 200 360 "-" "PostmanRuntime/7.28.4"
::1 - - [29/Nov/2021:03:01:47 +0000] "POST /api/v1/users/login HTTP/1.1" 500 65 "-" "PostmanRuntime/7.28.4"
::1 - - [29/Nov/2021:03:02:01 +0000] "POST /api/v1/users/login HTTP/1.1" 200 360 "-" "PostmanRuntime/7.28.4"
::1 - - [29/Nov/2021:03:02:36 +0000] "POST /api/v1/users/login HTTP/1.1" 200 360 "-" "PostmanRuntime/7.28.4"
::1 - - [29/Nov/2021:03:03:01 +0000] "POST /api/v1/users/login HTTP/1.1" 200 371 "-" "PostmanRuntime/7.28.4"
::1 - - [29/Nov/2021:03:03:18 +0000] "POST /api/v1/users/login HTTP/1.1" 200 371 "-" "PostmanRuntime/7.28.4"
::1 - - [29/Nov/2021:03:03:39 +0000] "POST /api/v1/users/login HTTP/1.1" 200 371 "-" "PostmanRuntime/7.28.4"
::1 - - [29/Nov/2021:03:03:59 +0000] "POST /api/v1/users/login HTTP/1.1" 200 371 "-" "PostmanRuntime/7.28.4"
::1 - - [29/Nov/2021:03:05:27 +0000] "POST /api/v1/users/login HTTP/1.1" 200 508 "-" "PostmanRuntime/7.28.4"
::1 - - [29/Nov/2021:03:06:04 +0000] "POST /api/v1/users/login HTTP/1.1" 200 179 "-" "PostmanRuntime/7.28.4"
::1 - - [29/Nov/2021:03:31:49 +0000] "POST /api/v1/users/update/1 HTTP/1.1" 401 252 "-" "PostmanRuntime/7.28.4"
::1 - - [29/Nov/2021:03:34:56 +0000] "POST /api/v1/users/update/1 HTTP/1.1" 400 103 "-" "PostmanRuntime/7.28.4"
::1 - - [29/Nov/2021:03:42:02 +0000] "POST /api/v1/users/login HTTP/1.1" 401 252 "-" "PostmanRuntime/7.28.4"
::1 - - [29/Nov/2021:03:42:36 +0000] "POST /api/v1/users/login HTTP/1.1" 200 179 "-" "PostmanRuntime/7.28.4"
::1 - - [29/Nov/2021:03:44:04 +0000] "POST /api/v1/users/update/1 HTTP/1.1" 400 103 "-" "PostmanRuntime/7.28.4"
::1 - - [29/Nov/2021:03:44:10 +0000] "POST /api/v1/users/update/3 HTTP/1.1" 200 434 "-" "PostmanRuntime/7.28.4"
::1 - - [29/Nov/2021:03:44:16 +0000] "POST /api/v1/users/update/3 HTTP/1.1" 200 434 "-" "PostmanRuntime/7.28.4"
::1 - - [29/Nov/2021:03:44:36 +0000] "POST /api/v1/users/update/3 HTTP/1.1" 200 434 "-" "PostmanRuntime/7.28.4"
::1 - - [29/Nov/2021:03:45:00 +0000] "POST /api/v1/users/update/3 HTTP/1.1" 401 252 "-" "PostmanRuntime/7.28.4"
::1 - - [29/Nov/2021:03:45:05 +0000] "POST /api/v1/users/update/3 HTTP/1.1" 200 434 "-" "PostmanRuntime/7.28.4"
::1 - - [29/Nov/2021:03:45:13 +0000] "POST /api/v1/users/update/3 HTTP/1.1" 200 434 "-" "PostmanRuntime/7.28.4"
::1 - - [29/Nov/2021:03:48:50 +0000] "POST /api/v1/users/delete/1 HTTP/1.1" 500 96 "-" "PostmanRuntime/7.28.4"
::1 - - [29/Nov/2021:03:49:00 +0000] "POST /api/v1/users/delete/1 HTTP/1.1" 400 107 "-" "PostmanRuntime/7.28.4"
::1 - - [29/Nov/2021:03:58:00 +0000] "GET /api/v1/users/3 HTTP/1.1" 404 153 "-" "PostmanRuntime/7.28.4"
::1 - - [29/Nov/2021:03:58:36 +0000] "GET /api/v1/users/3 HTTP/1.1" 200 434 "-" "PostmanRuntime/7.28.4"
::1 - - [29/Nov/2021:03:59:37 +0000] "GET /api/v1/users/ HTTP/1.1" 500 78 "-" "PostmanRuntime/7.28.4"
::1 - - [29/Nov/2021:04:01:11 +0000] "GET /api/v1/users/ HTTP/1.1" 200 503 "-" "PostmanRuntime/7.28.4"
::1 - - [29/Nov/2021:04:03:09 +0000] "POST /api/v1/users/update/2 HTTP/1.1" 400 103 "-" "PostmanRuntime/7.28.4"
::1 - - [29/Nov/2021:04:04:01 +0000] "POST /api/v1/users/update/2 HTTP/1.1" 400 87 "-" "PostmanRuntime/7.28.4"
